ModuleCmd_Switch.c(179):ERROR:152: Module 'PrgEnv-cray' is currently not loaded
perftools-base/6.4.3(41):ERROR:150: Module 'perftools-base/6.4.3' conflicts with the currently loaded module(s) 'perftools'
perftools-base/6.4.3(41):ERROR:102: Tcl command execution failed: conflict perftools

Running RW Strong Scaling 2 Simulations

OMP_NUM_THREADS = 1
Running RW OMP Simulations
N = 7682	dt = 1e-10	M = 59013124000
Actual initial # of particles = 59013139240
Actual  final  # of particles = 59013033453
Median RMS Error = 0.0197426
At a final time = 5e-09
Minimum Cycles over 10 runs = 2458051390128
Total program execution time = 2h : 38m : 10.1176s

OMP_NUM_THREADS = 2
Running RW OMP Simulations
N = 7682	dt = 1e-10	M = 59013124000
Actual initial # of particles = 59013139240
Actual  final  # of particles = 59012390267
Median RMS Error = 0.0197438
At a final time = 5e-09
Minimum Cycles over 10 runs = 1231640293860
Total program execution time = 1h : 19m : 37.818s

OMP_NUM_THREADS = 4
Running RW OMP Simulations
N = 7682	dt = 1e-10	M = 59013124000
Actual initial # of particles = 59013139240
Actual  final  # of particles = 59012667640
Median RMS Error = 0.0197428
At a final time = 5e-09
Minimum Cycles over 10 runs = 699064666147
Total program execution time = 0h : 45m : 26.6275s

OMP_NUM_THREADS = 6
Running RW OMP Simulations
N = 7682	dt = 1e-10	M = 59013124000
