ModuleCmd_Switch.c(179):ERROR:152: Module 'PrgEnv-cray' is currently not loaded
perftools-base/6.4.3(41):ERROR:150: Module 'perftools-base/6.4.3' conflicts with the currently loaded module(s) 'perftools'
perftools-base/6.4.3(41):ERROR:102: Tcl command execution failed: conflict perftools

Running PERF_RW_SERIAL Simulations

Running RW Scalar Simulations
N = 8	dt = 1e-09	M = 64000
RMS Error of final run = 5.89514e-06
At a final time = 5e-08
Minimum Cycles over 10 runs = 2819604252
Total program execution time = 0h : 0m : 10.8584s

Running RW Scalar Simulations
N = 14	dt = 1e-09	M = 196000
RMS Error of final run = 6.40706e-06
At a final time = 5e-08
Minimum Cycles over 10 runs = 30515687408
Total program execution time = 0h : 1m : 57.3991s

Running RW Scalar Simulations
N = 26	dt = 1e-09	M = 676000
RMS Error of final run = 7.49621e-06
At a final time = 5e-08
Minimum Cycles over 10 runs = 392094146074
Total program execution time = 0h : 25m : 8.28619s

Running RW Scalar Simulations
N = 50	dt = 1e-09	M = 2500000
