ModuleCmd_Switch.c(179):ERROR:152: Module 'PrgEnv-cray' is currently not loaded
perftools-base/6.4.3(41):ERROR:150: Module 'perftools-base/6.4.3' conflicts with the currently loaded module(s) 'perftools'
perftools-base/6.4.3(41):ERROR:102: Tcl command execution failed: conflict perftools

Running PERF_RW_SERIAL Simulations

Running RW Serial Simulations
N = 8	dt = 1e-09	M = 64000
Actual # of particles = 61848
RMS Error of final run = 0.428573
At a final time = 5e-08
Minimum Cycles over 10 runs = 0
Total program execution time = 0h : 0m : 0.226161s

Running RW Serial Simulations
N = 14	dt = 1e-09	M = 196000
Actual # of particles = 194032
RMS Error of final run = 0.461539
At a final time = 5e-08
Minimum Cycles over 10 runs = 0
Total program execution time = 0h : 0m : 0.699033s

Running RW Serial Simulations
N = 26	dt = 1e-09	M = 676000
Actual # of particles = 673936
RMS Error of final run = 0.48
At a final time = 5e-08
Minimum Cycles over 10 runs = 0
Total program execution time = 0h : 0m : 2.42125s

Running RW Serial Simulations
N = 50	dt = 1e-09	M = 2500000
Actual # of particles = 2497112
RMS Error of final run = 0.489795
At a final time = 5e-08
Minimum Cycles over 10 runs = 0
Total program execution time = 0h : 0m : 8.94787s

Running RW Serial Simulations
N = 122	dt = 1e-09	M = 14884000
Actual # of particles = 14875044
RMS Error of final run = 0.495867
At a final time = 5e-08
Minimum Cycles over 10 runs = 0
Total program execution time = 0h : 0m : 53.2905s

Running RW Serial Simulations
N = 242	dt = 1e-09	M = 58564000
srun: got SIGCONT
srun: Job step aborted: Waiting up to 32 seconds for job step to finish.
slurmstepd: error: *** STEP 2776874.5 ON nid02172 CANCELLED AT 2017-08-07T19:02:49 ***
slurmstepd: error: *** JOB 2776874 ON nid02172 CANCELLED AT 2017-08-07T19:02:49 ***
srun: forcing job termination
