ModuleCmd_Switch.c(179):ERROR:152: Module 'PrgEnv-cray' is currently not loaded
OMP_NUM_THREADS = 2
Running OMP Scalar_original_8 Simulations
N = 98	dt = 5e-07
RMS Error of final run = 0.000693332
Minimum Cycles over 100 runs = 14498797304
Total program execution time = 0h : 9m : 19.4301s

Running OMP Scalar_transposed_8 Simulations
N = 98	dt = 5e-07
RMS Error of final run = 0.000693332
Minimum Cycles over 100 runs = 13181703126
Total program execution time = 0h : 8m : 28.7495s

OMP_NUM_THREADS = 1
Running OMP AVX_original_8 Simulations
N = 98	dt = 5e-07
RMS Error of final run = 0.000693332
Minimum Cycles over 100 runs = 13117325742
Total program execution time = 0h : 8m : 24.8866s

Running OMP AVX_transposed_4 Simulations
N = 98	dt = 5e-07
RMS Error of final run = 0.000693332
Minimum Cycles over 100 runs = 30854124609
Total program execution time = 0h : 19m : 47.0962s

Running OMP AVX_transposed_8 Simulations
N = 98	dt = 5e-07
RMS Error of final run = 0.000693332
Minimum Cycles over 100 runs = 32023420260
Total program execution time = 0h : 20m : 32.1807s

Running OMP Scalar_original_8 Simulations
N = 98	dt = 5e-07
RMS Error of final run = 0.000693332
Minimum Cycles over 100 runs = 15347769874
Total program execution time = 0h : 9m : 50.5499s

Running OMP Scalar_transposed_8 Simulations
N = 98	dt = 5e-07
RMS Error of final run = 0.000693332
Minimum Cycles over 100 runs = 15330293366
Total program execution time = 0h : 9m : 49.8097s

