ModuleCmd_Switch.c(179):ERROR:152: Module 'PrgEnv-cray' is currently not loaded
perftools-base/6.4.3(41):ERROR:150: Module 'perftools-base/6.4.3' conflicts with the currently loaded module(s) 'perftools'
perftools-base/6.4.3(41):ERROR:102: Tcl command execution failed: conflict perftools

Running PAT_ADI_AVX_ALIGNED Simulations

CrayPat/X:  Version 6.4.3 Revision d7ee81a  10/25/16 14:17:31
pat[WARNING][0]: the environment variable 'PAT_RT_TRACE_FUNCTION_ARGS' is deprecated and not supported in the next release
pat[WARNING][0]: no call stack information will be collected
Running OMP aligned_separate Simulations
N = 8	dt = 1e-09
RMS Error of final run = 1.43982e-07
At a final time = 1e-06
Minimum Cycles over 10 runs = 280095
Total program execution time = 0h : 0m : 0.00126s

Experiment data file written:
/scratch/snx3000/stud09/ADI_pat_AVX_aligned.exe+23757-2554t.xf
CrayPat/X:  Version 6.4.3 Revision d7ee81a  10/25/16 14:17:31
pat[WARNING][0]: the environment variable 'PAT_RT_TRACE_FUNCTION_ARGS' is deprecated and not supported in the next release
pat[WARNING][0]: no call stack information will be collected
Running OMP aligned_separate Simulations
N = 16	dt = 1e-09
RMS Error of final run = 3.37726e-08
At a final time = 1e-06
Minimum Cycles over 10 runs = 1182150
Total program execution time = 0h : 0m : 0.004828s

Experiment data file written:
/scratch/snx3000/stud09/ADI_pat_AVX_aligned.exe+23831-2554t.xf
CrayPat/X:  Version 6.4.3 Revision d7ee81a  10/25/16 14:17:31
pat[WARNING][0]: the environment variable 'PAT_RT_TRACE_FUNCTION_ARGS' is deprecated and not supported in the next release
pat[WARNING][0]: no call stack information will be collected
Running OMP aligned_separate Simulations
N = 32	dt = 1e-09
RMS Error of final run = 8.1799e-09
At a final time = 1e-06
Minimum Cycles over 10 runs = 5169152
Total program execution time = 0h : 0m : 0.020566s

Experiment data file written:
/scratch/snx3000/stud09/ADI_pat_AVX_aligned.exe+23900-2554t.xf
CrayPat/X:  Version 6.4.3 Revision d7ee81a  10/25/16 14:17:31
pat[WARNING][0]: the environment variable 'PAT_RT_TRACE_FUNCTION_ARGS' is deprecated and not supported in the next release
pat[WARNING][0]: no call stack information will be collected
Running OMP aligned_separate Simulations
N = 64	dt = 1e-09
RMS Error of final run = 2.01308e-09
At a final time = 1e-06
Minimum Cycles over 10 runs = 23682071
Total program execution time = 0h : 0m : 0.092839s

Experiment data file written:
/scratch/snx3000/stud09/ADI_pat_AVX_aligned.exe+23968-2554t.xf
CrayPat/X:  Version 6.4.3 Revision d7ee81a  10/25/16 14:17:31
pat[WARNING][0]: the environment variable 'PAT_RT_TRACE_FUNCTION_ARGS' is deprecated and not supported in the next release
pat[WARNING][0]: no call stack information will be collected
Running OMP aligned_separate Simulations
N = 120	dt = 1e-09
RMS Error of final run = 5.67866e-10
At a final time = 1e-06
Minimum Cycles over 10 runs = 84286766
Total program execution time = 0h : 0m : 0.328982s

Experiment data file written:
/scratch/snx3000/stud09/ADI_pat_AVX_aligned.exe+24039-2554t.xf
CrayPat/X:  Version 6.4.3 Revision d7ee81a  10/25/16 14:17:31
pat[WARNING][0]: the environment variable 'PAT_RT_TRACE_FUNCTION_ARGS' is deprecated and not supported in the next release
pat[WARNING][0]: no call stack information will be collected
Running OMP aligned_separate Simulations
N = 240	dt = 1e-09
RMS Error of final run = 9.51598e-11
At a final time = 1e-06
Minimum Cycles over 10 runs = 412594251
Total program execution time = 0h : 0m : 1.61236s

Experiment data file written:
/scratch/snx3000/stud09/ADI_pat_AVX_aligned.exe+24109-2554t.xf
CrayPat/X:  Version 6.4.3 Revision d7ee81a  10/25/16 14:17:31
pat[WARNING][0]: the environment variable 'PAT_RT_TRACE_FUNCTION_ARGS' is deprecated and not supported in the next release
pat[WARNING][0]: no call stack information will be collected
Running OMP aligned_separate Simulations
N = 480	dt = 1e-09
RMS Error of final run = 2.97664e-09
At a final time = 1e-06
Minimum Cycles over 10 runs = 1664483066
Total program execution time = 0h : 0m : 6.49191s

Experiment data file written:
/scratch/snx3000/stud09/ADI_pat_AVX_aligned.exe+24180-2554t.xf
CrayPat/X:  Version 6.4.3 Revision d7ee81a  10/25/16 14:17:31
pat[WARNING][0]: the environment variable 'PAT_RT_TRACE_FUNCTION_ARGS' is deprecated and not supported in the next release
pat[WARNING][0]: no call stack information will be collected
Running OMP aligned_separate Simulations
N = 960	dt = 1e-09
RMS Error of final run = 1.93897e-07
At a final time = 1e-06
Minimum Cycles over 10 runs = 11028821832
Total program execution time = 0h : 0m : 42.8583s

Experiment data file written:
/scratch/snx3000/stud09/ADI_pat_AVX_aligned.exe+24252-2554t.xf
CrayPat/X:  Version 6.4.3 Revision d7ee81a  10/25/16 14:17:31
pat[WARNING][0]: the environment variable 'PAT_RT_TRACE_FUNCTION_ARGS' is deprecated and not supported in the next release
pat[WARNING][0]: no call stack information will be collected
Running OMP aligned_separate Simulations
N = 1920	dt = 1e-09
RMS Error of final run = 1.23866e-05
At a final time = 1e-06
Minimum Cycles over 10 runs = 64832804639
Total program execution time = 0h : 4m : 13.6226s

Experiment data file written:
/scratch/snx3000/stud09/ADI_pat_AVX_aligned.exe+24345-2554t.xf
CrayPat/X:  Version 6.4.3 Revision d7ee81a  10/25/16 14:17:31
pat[WARNING][0]: the environment variable 'PAT_RT_TRACE_FUNCTION_ARGS' is deprecated and not supported in the next release
pat[WARNING][0]: no call stack information will be collected
Running OMP aligned_separate Simulations
N = 3840	dt = 1e-09
RMS Error of final run = 0.000776311
At a final time = 1e-06
Minimum Cycles over 10 runs = 303353635008
Total program execution time = 0h : 19m : 33.5444s

Experiment data file written:
/scratch/snx3000/stud09/ADI_pat_AVX_aligned.exe+24554-2554t.xf
CrayPat/X:  Version 6.4.3 Revision d7ee81a  10/25/16 14:17:31
pat[WARNING][0]: the environment variable 'PAT_RT_TRACE_FUNCTION_ARGS' is deprecated and not supported in the next release
pat[WARNING][0]: no call stack information will be collected
Running OMP aligned_separate Simulations
N = 7680	dt = 1e-10
RMS Error of final run = 5.06494e-05
At a final time = 1e-07
Minimum Cycles over 10 runs = 1603096814711
Total program execution time = 1h : 43m : 52.145s

Experiment data file written:
/scratch/snx3000/stud09/ADI_pat_AVX_aligned.exe+25278-2554t.xf
