ModuleCmd_Switch.c(179):ERROR:152: Module 'PrgEnv-cray' is currently not loaded
perftools-base/6.4.3(41):ERROR:150: Module 'perftools-base/6.4.3' conflicts with the currently loaded module(s) 'perftools'
perftools-base/6.4.3(41):ERROR:102: Tcl command execution failed: conflict perftools

Running PAT_ADI_AVX Simulations

CrayPat/X:  Version 6.4.3 Revision d7ee81a  10/25/16 14:17:31
Running ADI AVX_original_8 Simulations
N = 10	dt = 1e-09
RMS Error of final run = 8.98263e-08
At a final time = 1e-06
Minimum Cycles over 10 runs = 510721
Total program execution time = 0h : 0m : 0.002167s

Experiment data file written:
/scratch/snx3000/stud09/ADI_pat_AVX.exe+30354-2305t.xf
CrayPat/X:  Version 6.4.3 Revision d7ee81a  10/25/16 14:17:31
Running ADI AVX_original_8 Simulations
N = 18	dt = 1e-09
RMS Error of final run = 2.64969e-08
At a final time = 1e-06
Minimum Cycles over 10 runs = 1824015
Total program execution time = 0h : 0m : 0.007384s

Experiment data file written:
/scratch/snx3000/stud09/ADI_pat_AVX.exe+30423-2305t.xf
CrayPat/X:  Version 6.4.3 Revision d7ee81a  10/25/16 14:17:31
Running ADI AVX_original_8 Simulations
N = 34	dt = 1e-09
RMS Error of final run = 7.23255e-09
At a final time = 1e-06
Minimum Cycles over 10 runs = 7361990
Total program execution time = 0h : 0m : 0.029188s

Experiment data file written:
/scratch/snx3000/stud09/ADI_pat_AVX.exe+30493-2305t.xf
CrayPat/X:  Version 6.4.3 Revision d7ee81a  10/25/16 14:17:31
Running ADI AVX_original_8 Simulations
N = 66	dt = 1e-09
RMS Error of final run = 1.89193e-09
At a final time = 1e-06
Minimum Cycles over 10 runs = 31572722
Total program execution time = 0h : 0m : 0.124164s

Experiment data file written:
/scratch/snx3000/stud09/ADI_pat_AVX.exe+30562-2305t.xf
CrayPat/X:  Version 6.4.3 Revision d7ee81a  10/25/16 14:17:31
Running ADI AVX_original_8 Simulations
N = 122	dt = 1e-09
RMS Error of final run = 5.49101e-10
At a final time = 1e-06
Minimum Cycles over 10 runs = 118210736
Total program execution time = 0h : 0m : 0.460392s

Experiment data file written:
/scratch/snx3000/stud09/ADI_pat_AVX.exe+30632-2305t.xf
CrayPat/X:  Version 6.4.3 Revision d7ee81a  10/25/16 14:17:31
Running ADI AVX_original_8 Simulations
N = 242	dt = 1e-09
RMS Error of final run = 9.04429e-11
At a final time = 1e-06
Minimum Cycles over 10 runs = 523646515
Total program execution time = 0h : 0m : 2.03997s

Experiment data file written:
/scratch/snx3000/stud09/ADI_pat_AVX.exe+30703-2305t.xf
CrayPat/X:  Version 6.4.3 Revision d7ee81a  10/25/16 14:17:31
Running ADI AVX_original_8 Simulations
N = 482	dt = 1e-09
RMS Error of final run = 3.05331e-09
At a final time = 1e-06
Minimum Cycles over 10 runs = 2152109510
Total program execution time = 0h : 0m : 8.41383s

Experiment data file written:
/scratch/snx3000/stud09/ADI_pat_AVX.exe+30773-2305t.xf
CrayPat/X:  Version 6.4.3 Revision d7ee81a  10/25/16 14:17:31
Running ADI AVX_original_8 Simulations
N = 962	dt = 1e-09
RMS Error of final run = 1.96335e-07
At a final time = 1e-06
Minimum Cycles over 10 runs = 11809092261
Total program execution time = 0h : 0m : 45.7748s

Experiment data file written:
/scratch/snx3000/stud09/ADI_pat_AVX.exe+30847-2305t.xf
CrayPat/X:  Version 6.4.3 Revision d7ee81a  10/25/16 14:17:31
Running ADI AVX_original_8 Simulations
N = 1922	dt = 1e-09
RMS Error of final run = 1.24641e-05
At a final time = 1e-06
Minimum Cycles over 10 runs = 62935144097
Total program execution time = 0h : 4m : 4.28463s

Experiment data file written:
/scratch/snx3000/stud09/ADI_pat_AVX.exe+30938-2305t.xf
CrayPat/X:  Version 6.4.3 Revision d7ee81a  10/25/16 14:17:31
Running ADI AVX_original_8 Simulations
N = 3842	dt = 1e-09
RMS Error of final run = 0.000778715
At a final time = 1e-06
Minimum Cycles over 10 runs = 288242032935
Total program execution time = 0h : 18m : 34.1406s

Experiment data file written:
/scratch/snx3000/stud09/ADI_pat_AVX.exe+31139-2305t.xf
