ModuleCmd_Switch.c(179):ERROR:152: Module 'PrgEnv-cray' is currently not loaded
perftools-base/6.4.3(41):ERROR:150: Module 'perftools-base/6.4.3' conflicts with the currently loaded module(s) 'perftools'
perftools-base/6.4.3(41):ERROR:102: Tcl command execution failed: conflict perftools

Running PERF_RW_SCALAR Simulations

Running RW Scalar Simulations
N = 8	dt = 1e-09	M = 64000
Actual # of particles = 61856
Actual # of particles = 61856
Actual # of particles = 61856
Actual # of particles = 61856
Actual # of particles = 61856
Actual # of particles = 61856
Actual # of particles = 61856
Actual # of particles = 61856
Actual # of particles = 61856
Actual # of particles = 61856
RMS Error of final run = 8.65107e-05
At a final time = 5e-08
Minimum Cycles over 10 runs = 1928770
Total program execution time = 0h : 0m : 0.008331s

Running RW Scalar Simulations
N = 14	dt = 1e-09	M = 196000
Actual # of particles = 194088
Actual # of particles = 194088
Actual # of particles = 194088
Actual # of particles = 194088
Actual # of particles = 194088
Actual # of particles = 194088
Actual # of particles = 194088
Actual # of particles = 194088
Actual # of particles = 194088
Actual # of particles = 194088
RMS Error of final run = 0.000123639
At a final time = 5e-08
Minimum Cycles over 10 runs = 7297062
Total program execution time = 0h : 0m : 0.029509s

Running RW Scalar Simulations
N = 26	dt = 1e-09	M = 676000
Actual # of particles = 674216
Actual # of particles = 674216
Actual # of particles = 674216
Actual # of particles = 674216
Actual # of particles = 674216
Actual # of particles = 674216
Actual # of particles = 674216
Actual # of particles = 674216
Actual # of particles = 674216
Actual # of particles = 674216
RMS Error of final run = 0.000213333
At a final time = 5e-08
Minimum Cycles over 10 runs = 29534200
Total program execution time = 0h : 0m : 0.115746s

Running RW Scalar Simulations
N = 50	dt = 1e-09	M = 2500000
Actual # of particles = 2498312
Actual # of particles = 2498312
Actual # of particles = 2498312
Actual # of particles = 2498312
Actual # of particles = 2498312
Actual # of particles = 2498312
Actual # of particles = 2498312
Actual # of particles = 2498312
Actual # of particles = 2498312
Actual # of particles = 2498312
RMS Error of final run = 0.000392252
At a final time = 5e-08
Minimum Cycles over 10 runs = 117667172
Total program execution time = 0h : 0m : 0.457278s

Running RW Scalar Simulations
N = 122	dt = 1e-09	M = 14884000
Actual # of particles = 14882292
Actual # of particles = 14882292
Actual # of particles = 14882292
Actual # of particles = 14882292
Actual # of particles = 14882292
Actual # of particles = 14882292
Actual # of particles = 14882292
Actual # of particles = 14882292
Actual # of particles = 14882292
Actual # of particles = 14882292
RMS Error of final run = 0.00096939
At a final time = 5e-08
Minimum Cycles over 10 runs = 742727438
Total program execution time = 0h : 0m : 2.87799s

Running RW Scalar Simulations
N = 242	dt = 1e-09	M = 58564000
Actual # of particles = 58562444
Actual # of particles = 58562444
Actual # of particles = 58562444
Actual # of particles = 58562444
Actual # of particles = 58562444
Actual # of particles = 58562444
Actual # of particles = 58562444
Actual # of particles = 58562444
Actual # of particles = 58562444
Actual # of particles = 58562444
RMS Error of final run = 0.00192213
At a final time = 5e-08
Minimum Cycles over 10 runs = 3119875776
Total program execution time = 0h : 0m : 12.0412s

Running RW Scalar Simulations
N = 482	dt = 1e-09	M = 232324000
Actual # of particles = 232322132
Actual # of particles = 232322132
Actual # of particles = 232322132
Actual # of particles = 232322132
Actual # of particles = 232322132
Actual # of particles = 232322132
Actual # of particles = 232322132
Actual # of particles = 232322132
Actual # of particles = 232322132
Actual # of particles = 232322132
RMS Error of final run = 0.00378334
At a final time = 5e-08
Minimum Cycles over 10 runs = 14822367366
Total program execution time = 0h : 0m : 57.1675s

Running RW Scalar Simulations
N = 962	dt = 1e-09	M = 925444000
Actual # of particles = 925441312
Actual # of particles = 925441312
Actual # of particles = 925441312
Actual # of particles = 925441312
Actual # of particles = 925441312
Actual # of particles = 925441312
Actual # of particles = 925441312
Actual # of particles = 925441312
Actual # of particles = 925441312
Actual # of particles = 925441312
RMS Error of final run = 0.00696793
At a final time = 5e-08
Minimum Cycles over 10 runs = 93828448269
Total program execution time = 0h : 6m : 1.52276s

Running RW Scalar Simulations
N = 1922	dt = 1e-09	M = 3694084000
Actual # of particles = 3694083352
Actual # of particles = 3694083352
Actual # of particles = 3694083352
Actual # of particles = 3694083352
Actual # of particles = 3694083352
Actual # of particles = 3694083352
Actual # of particles = 3694083352
Actual # of particles = 3694083352
Actual # of particles = 3694083352
Actual # of particles = 3694083352
RMS Error of final run = 0.0107773
At a final time = 5e-08
Minimum Cycles over 10 runs = 804670339872
Total program execution time = 0h : 51m : 37.5969s

Running RW Scalar Simulations
N = 3842	dt = 1e-09	M = 14760964000
Actual # of particles = 14760966668
Actual # of particles = 14760966668
Actual # of particles = 14760966668
Actual # of particles = 14760966668
Actual # of particles = 14760966668
Actual # of particles = 14760966668
Actual # of particles = 14760966668
Actual # of particles = 14760966668
Actual # of particles = 14760966668
Actual # of particles = 14760966668
RMS Error of final run = 0.0125451
At a final time = 5e-08
Minimum Cycles over 10 runs = 3523207716584
Total program execution time = 3h : 46m : 2.10985s

