ModuleCmd_Switch.c(179):ERROR:152: Module 'PrgEnv-cray' is currently not loaded
perftools-base/6.4.3(41):ERROR:150: Module 'perftools-base/6.4.3' conflicts with the currently loaded module(s) 'perftools'
perftools-base/6.4.3(41):ERROR:102: Tcl command execution failed: conflict perftools

Running PERF_RW_SERIAL Simulations

Running RW Serial Simulations
N = 8	dt = 1e-09	M = 64000
Actual # of particles = 0
Actual # of particles = 0
Actual # of particles = 0
Actual # of particles = 0
Actual # of particles = 0
Actual # of particles = 0
Actual # of particles = 0
Actual # of particles = 0
Actual # of particles = 0
Actual # of particles = 0
Actual # of particles = 30312480
RMS Error of final run = 5.89514e-06
At a final time = 5e-08
Minimum Cycles over 10 runs = 2818236038
Total program execution time = 0h : 0m : 10.8474s

Running RW Serial Simulations
N = 14	dt = 1e-09	M = 196000
Actual # of particles = 0
Actual # of particles = 0
Actual # of particles = 0
Actual # of particles = 0
Actual # of particles = 0
Actual # of particles = 0
Actual # of particles = 0
Actual # of particles = 0
Actual # of particles = 0
Actual # of particles = 0
Actual # of particles = 328019840
RMS Error of final run = 6.40706e-06
At a final time = 5e-08
Minimum Cycles over 10 runs = 30495237678
Total program execution time = 0h : 1m : 57.3288s

Running RW Serial Simulations
N = 26	dt = 1e-09	M = 676000
Actual # of particles = 0
Actual # of particles = 0
srun: got SIGCONT
slurmstepd: error: *** STEP 2776829.2 ON nid02500 CANCELLED AT 2017-08-07T18:55:43 ***
slurmstepd: error: *** JOB 2776829 ON nid02500 CANCELLED AT 2017-08-07T18:55:43 ***
srun: forcing job termination
