ModuleCmd_Switch.c(179):ERROR:152: Module 'PrgEnv-cray' is currently not loaded
perftools-base/6.4.3(41):ERROR:150: Module 'perftools-base/6.4.3' conflicts with the currently loaded module(s) 'perftools'
perftools-base/6.4.3(41):ERROR:102: Tcl command execution failed: conflict perftools

Running PAT_ADI_SERIAL Simulations

CrayPat/X:  Version 6.4.3 Revision d7ee81a  10/25/16 14:17:31
pat[WARNING][0]: the environment variable 'PAT_RT_TRACE_FUNCTION_ARGS' is deprecated and not supported in the next release
pat[WARNING][0]: no call stack information will be collected
Running ADI serial Simulations
N = 10	dt = 1e-09
RMS Error of final run = 8.98264e-08
At a final time = 1e-06
Minimum Cycles over 10 runs = 2664232
Total program execution time = 0h : 0m : 0.010611s

Experiment data file written:
/scratch/snx3000/stud09/ADI_pat_serial.exe+10443-2184t.xf
CrayPat/X:  Version 6.4.3 Revision d7ee81a  10/25/16 14:17:31
pat[WARNING][0]: the environment variable 'PAT_RT_TRACE_FUNCTION_ARGS' is deprecated and not supported in the next release
pat[WARNING][0]: no call stack information will be collected
Running ADI serial Simulations
N = 18	dt = 1e-09
RMS Error of final run = 2.64969e-08
At a final time = 1e-06
Minimum Cycles over 10 runs = 15159212
Total program execution time = 0h : 0m : 0.058895s

Experiment data file written:
/scratch/snx3000/stud09/ADI_pat_serial.exe+10512-2184t.xf
CrayPat/X:  Version 6.4.3 Revision d7ee81a  10/25/16 14:17:31
pat[WARNING][0]: the environment variable 'PAT_RT_TRACE_FUNCTION_ARGS' is deprecated and not supported in the next release
pat[WARNING][0]: no call stack information will be collected
Running ADI serial Simulations
N = 34	dt = 1e-09
RMS Error of final run = 7.23245e-09
At a final time = 1e-06
Minimum Cycles over 10 runs = 68015339
Total program execution time = 0h : 0m : 0.262535s

Experiment data file written:
/scratch/snx3000/stud09/ADI_pat_serial.exe+10582-2184t.xf
CrayPat/X:  Version 6.4.3 Revision d7ee81a  10/25/16 14:17:31
pat[WARNING][0]: the environment variable 'PAT_RT_TRACE_FUNCTION_ARGS' is deprecated and not supported in the next release
pat[WARNING][0]: no call stack information will be collected
Running ADI serial Simulations
N = 66	dt = 1e-09
RMS Error of final run = 1.89191e-09
At a final time = 1e-06
Minimum Cycles over 10 runs = 283724040
Total program execution time = 0h : 0m : 1.09481s

Experiment data file written:
/scratch/snx3000/stud09/ADI_pat_serial.exe+10650-2184t.xf
CrayPat/X:  Version 6.4.3 Revision d7ee81a  10/25/16 14:17:31
pat[WARNING][0]: the environment variable 'PAT_RT_TRACE_FUNCTION_ARGS' is deprecated and not supported in the next release
pat[WARNING][0]: no call stack information will be collected
Running ADI serial Simulations
N = 122	dt = 1e-09
RMS Error of final run = 5.49134e-10
At a final time = 1e-06
Minimum Cycles over 10 runs = 1022702932
Total program execution time = 0h : 0m : 3.94239s

Experiment data file written:
/scratch/snx3000/stud09/ADI_pat_serial.exe+10721-2184t.xf
CrayPat/X:  Version 6.4.3 Revision d7ee81a  10/25/16 14:17:31
pat[WARNING][0]: the environment variable 'PAT_RT_TRACE_FUNCTION_ARGS' is deprecated and not supported in the next release
pat[WARNING][0]: no call stack information will be collected
Running ADI serial Simulations
N = 242	dt = 1e-09
RMS Error of final run = 9.04698e-11
At a final time = 1e-06
Minimum Cycles over 10 runs = 4150171524
Total program execution time = 0h : 0m : 15.9941s

Experiment data file written:
/scratch/snx3000/stud09/ADI_pat_serial.exe+10792-2184t.xf
CrayPat/X:  Version 6.4.3 Revision d7ee81a  10/25/16 14:17:31
pat[WARNING][0]: the environment variable 'PAT_RT_TRACE_FUNCTION_ARGS' is deprecated and not supported in the next release
pat[WARNING][0]: no call stack information will be collected
Running ADI serial Simulations
N = 482	dt = 1e-09
RMS Error of final run = 3.0532e-09
At a final time = 1e-06
Minimum Cycles over 10 runs = 16723178252
Total program execution time = 0h : 1m : 4.41474s

Experiment data file written:
/scratch/snx3000/stud09/ADI_pat_serial.exe+10870-2184t.xf
CrayPat/X:  Version 6.4.3 Revision d7ee81a  10/25/16 14:17:31
pat[WARNING][0]: the environment variable 'PAT_RT_TRACE_FUNCTION_ARGS' is deprecated and not supported in the next release
pat[WARNING][0]: no call stack information will be collected
Running ADI serial Simulations
N = 962	dt = 1e-09
RMS Error of final run = 1.96335e-07
At a final time = 1e-06
Minimum Cycles over 10 runs = 78222337168
Total program execution time = 0h : 5m : 2.11561s

Experiment data file written:
/scratch/snx3000/stud09/ADI_pat_serial.exe+10972-2184t.xf
CrayPat/X:  Version 6.4.3 Revision d7ee81a  10/25/16 14:17:31
pat[WARNING][0]: the environment variable 'PAT_RT_TRACE_FUNCTION_ARGS' is deprecated and not supported in the next release
pat[WARNING][0]: no call stack information will be collected
Running ADI serial Simulations
N = 1922	dt = 1e-09
RMS Error of final run = 1.24641e-05
At a final time = 1e-06
Minimum Cycles over 10 runs = 348296148490
Total program execution time = 0h : 22m : 27.8607s

Experiment data file written:
/scratch/snx3000/stud09/ADI_pat_serial.exe+11217-2184t.xf
CrayPat/X:  Version 6.4.3 Revision d7ee81a  10/25/16 14:17:31
pat[WARNING][0]: the environment variable 'PAT_RT_TRACE_FUNCTION_ARGS' is deprecated and not supported in the next release
pat[WARNING][0]: no call stack information will be collected
Running ADI serial Simulations
N = 3842	dt = 1e-09
RMS Error of final run = 0.000778715
At a final time = 1e-06
Minimum Cycles over 10 runs = 1520157097578
Total program execution time = 1h : 37m : 32.8145s

Experiment data file written:
/scratch/snx3000/stud09/ADI_pat_serial.exe+12057-2184t.xf

CrayPat/X:  Version 6.4.3 Revision d7ee81a  10/25/16 14:17:31
pat[WARNING][0]: the environment variable 'PAT_RT_TRACE_FUNCTION_ARGS' is deprecated and not supported in the next release
pat[WARNING][0]: no call stack information will be collected
Running ADI serial Simulations
N = 7682	dt = 1e-10
RMS Error of final run = 5.07283e-05
At a final time = 1e-07
Minimum Cycles over 10 runs = 6819139583116
Total program execution time = 7h : 17m : 30.281s

Experiment data file written:
/scratch/snx3000/stud09/ADI_pat_serial.exe+3710-2476t.xf
