ModuleCmd_Switch.c(179):ERROR:152: Module 'PrgEnv-cray' is currently not loaded
perftools-base/6.4.3(41):ERROR:150: Module 'perftools-base/6.4.3' conflicts with the currently loaded module(s) 'perftools'
perftools-base/6.4.3(41):ERROR:102: Tcl command execution failed: conflict perftools

Running PAT_ADI_SCALAR Simulations

CrayPat/X:  Version 6.4.3 Revision d7ee81a  10/25/16 14:17:31
pat[WARNING][0]: the environment variable 'PAT_RT_TRACE_FUNCTION_ARGS' is deprecated and not supported in the next release
pat[WARNING][0]: no call stack information will be collected
Running ADI scalar Simulations
N = 10	dt = 1e-09
RMS Error of final run = 8.98263e-08
At a final time = 1e-06
Minimum Cycles over 10 runs = 540880
Total program execution time = 0h : 0m : 0.002249s

Experiment data file written:
/scratch/snx3000/stud09/ADI_pat_scalar.exe+28515-2137t.xf
CrayPat/X:  Version 6.4.3 Revision d7ee81a  10/25/16 14:17:31
pat[WARNING][0]: the environment variable 'PAT_RT_TRACE_FUNCTION_ARGS' is deprecated and not supported in the next release
pat[WARNING][0]: no call stack information will be collected
Running ADI scalar Simulations
N = 18	dt = 1e-09
RMS Error of final run = 2.64969e-08
At a final time = 1e-06
Minimum Cycles over 10 runs = 2100594
Total program execution time = 0h : 0m : 0.008475s

Experiment data file written:
/scratch/snx3000/stud09/ADI_pat_scalar.exe+28585-2137t.xf
CrayPat/X:  Version 6.4.3 Revision d7ee81a  10/25/16 14:17:31
pat[WARNING][0]: the environment variable 'PAT_RT_TRACE_FUNCTION_ARGS' is deprecated and not supported in the next release
pat[WARNING][0]: no call stack information will be collected
Running ADI scalar Simulations
N = 34	dt = 1e-09
RMS Error of final run = 7.23255e-09
At a final time = 1e-06
Minimum Cycles over 10 runs = 8525844
Total program execution time = 0h : 0m : 0.033854s

Experiment data file written:
/scratch/snx3000/stud09/ADI_pat_scalar.exe+28655-2137t.xf
CrayPat/X:  Version 6.4.3 Revision d7ee81a  10/25/16 14:17:31
pat[WARNING][0]: the environment variable 'PAT_RT_TRACE_FUNCTION_ARGS' is deprecated and not supported in the next release
pat[WARNING][0]: no call stack information will be collected
Running ADI scalar Simulations
N = 66	dt = 1e-09
RMS Error of final run = 1.89193e-09
At a final time = 1e-06
Minimum Cycles over 10 runs = 34283716
Total program execution time = 0h : 0m : 0.13374s

Experiment data file written:
/scratch/snx3000/stud09/ADI_pat_scalar.exe+28726-2137t.xf
CrayPat/X:  Version 6.4.3 Revision d7ee81a  10/25/16 14:17:31
pat[WARNING][0]: the environment variable 'PAT_RT_TRACE_FUNCTION_ARGS' is deprecated and not supported in the next release
pat[WARNING][0]: no call stack information will be collected
Running ADI scalar Simulations
N = 122	dt = 1e-09
RMS Error of final run = 5.49101e-10
At a final time = 1e-06
Minimum Cycles over 10 runs = 123638780
Total program execution time = 0h : 0m : 0.482635s

Experiment data file written:
/scratch/snx3000/stud09/ADI_pat_scalar.exe+28795-2137t.xf
CrayPat/X:  Version 6.4.3 Revision d7ee81a  10/25/16 14:17:31
pat[WARNING][0]: the environment variable 'PAT_RT_TRACE_FUNCTION_ARGS' is deprecated and not supported in the next release
pat[WARNING][0]: no call stack information will be collected
Running ADI scalar Simulations
N = 242	dt = 1e-09
RMS Error of final run = 9.04428e-11
At a final time = 1e-06
Minimum Cycles over 10 runs = 568240514
Total program execution time = 0h : 0m : 2.21402s

Experiment data file written:
/scratch/snx3000/stud09/ADI_pat_scalar.exe+28865-2137t.xf
CrayPat/X:  Version 6.4.3 Revision d7ee81a  10/25/16 14:17:31
pat[WARNING][0]: the environment variable 'PAT_RT_TRACE_FUNCTION_ARGS' is deprecated and not supported in the next release
pat[WARNING][0]: no call stack information will be collected
Running ADI scalar Simulations
N = 482	dt = 1e-09
RMS Error of final run = 3.05331e-09
At a final time = 1e-06
Minimum Cycles over 10 runs = 2528048292
Total program execution time = 0h : 0m : 9.90072s

Experiment data file written:
/scratch/snx3000/stud09/ADI_pat_scalar.exe+28936-2137t.xf
CrayPat/X:  Version 6.4.3 Revision d7ee81a  10/25/16 14:17:31
pat[WARNING][0]: the environment variable 'PAT_RT_TRACE_FUNCTION_ARGS' is deprecated and not supported in the next release
pat[WARNING][0]: no call stack information will be collected
Running ADI scalar Simulations
N = 962	dt = 1e-09
RMS Error of final run = 1.96335e-07
At a final time = 1e-06
Minimum Cycles over 10 runs = 13362234188
Total program execution time = 0h : 0m : 51.7371s

Experiment data file written:
/scratch/snx3000/stud09/ADI_pat_scalar.exe+29010-2137t.xf
CrayPat/X:  Version 6.4.3 Revision d7ee81a  10/25/16 14:17:31
pat[WARNING][0]: the environment variable 'PAT_RT_TRACE_FUNCTION_ARGS' is deprecated and not supported in the next release
pat[WARNING][0]: no call stack information will be collected
Running ADI scalar Simulations
N = 1922	dt = 1e-09
RMS Error of final run = 1.24641e-05
At a final time = 1e-06
Minimum Cycles over 10 runs = 77298994746
Total program execution time = 0h : 4m : 58.7787s

Experiment data file written:
/scratch/snx3000/stud09/ADI_pat_scalar.exe+29106-2137t.xf
CrayPat/X:  Version 6.4.3 Revision d7ee81a  10/25/16 14:17:31
pat[WARNING][0]: the environment variable 'PAT_RT_TRACE_FUNCTION_ARGS' is deprecated and not supported in the next release
pat[WARNING][0]: no call stack information will be collected
Running ADI scalar Simulations
N = 3842	dt = 1e-09
RMS Error of final run = 0.000778715
At a final time = 1e-06
Minimum Cycles over 10 runs = 325990700656
Total program execution time = 0h : 20m : 58.6397s

Experiment data file written:
/scratch/snx3000/stud09/ADI_pat_scalar.exe+29340-2137t.xf

CrayPat/X:  Version 6.4.3 Revision d7ee81a  10/25/16 14:17:31
pat[WARNING][0]: the environment variable 'PAT_RT_TRACE_FUNCTION_ARGS' is deprecated and not supported in the next release
pat[WARNING][0]: no call stack information will be collected
Running ADI scalar Simulations
N = 7682	dt = 1e-10
RMS Error of final run = 5.07283e-05
At a final time = 1e-07
Minimum Cycles over 10 runs = 1290241276256
Total program execution time = 1h : 23m : 1.92851s

Experiment data file written:
/scratch/snx3000/stud09/ADI_pat_scalar.exe+20391-2607t.xf
